<?xml version="1.0" encoding="UTF-8"?>
<!-- Generated by org.testng.reporters.JUnitReportReporter -->
<testsuite skipped="0" hostname="User-ПК" name="tests.LoginTests" tests="2" failures="0" timestamp="2020-08-05T13:56:44 BRT" time="107.938" errors="0">
  <testcase name="successfulLoginTest" time="33.053" classname="tests.LoginTests"/>
  <system-out/>
  <testcase name="emptyFieldsLoginTest" time="74.885" classname="tests.LoginTests"/>
  <system-out/>
</testsuite> <!-- tests.LoginTests -->
