<?xml version="1.0" encoding="UTF-8"?>
<!-- Generated by org.testng.reporters.JUnitReportReporter -->
<testsuite skipped="0" hostname="User-ПК" name="apitesting.ApiShopTest" tests="1" failures="0" timestamp="2020-08-05T13:56:44 BRT" time="16.922" errors="0">
  <testcase name="testGet" time="16.922" classname="apitesting.ApiShopTest"/>
  <system-out/>
</testsuite> <!-- apitesting.ApiShopTest -->
